<?xml version="1.0" encoding="UTF-8"?>
<beans xmlns="http://www.springframework.org/schema/beans"
       xmlns:xsi="http://www.w3.org/2001/XMLSchema-instance"
       xmlns:context="http://www.springframework.org/schema/context" xmlns:tx="http://www.springframework.org/schema/tx"
       xsi:schemaLocation="http://www.springframework.org/schema/beans http://www.springframework.org/schema/beans/spring-beans.xsd http://www.springframework.org/schema/context http://www.springframework.org/schema/context/spring-context.xsd http://www.springframework.org/schema/tx http://www.springframework.org/schema/tx/spring-tx.xsd"
        >

    <context:annotation-config />

    <import resource="spring-config.xml"/>

    <!--config JPA connect with Hibernate-->
    <bean id="entityManagerFactory"
          class="org.springframework.orm.jpa.LocalContainerEntityManagerFactoryBean">

        <property name="packagesToScan" value="com.qsoft.tdd.persistence.model"/>
        <property name="persistenceUnitName" value="NewPersistenceUnitTest"/>
        <property name="dataSource" ref="dataSourceTest"/>
        <property name="persistenceXmlLocation" value="META-INF/persistenceTest.xml"/>
    </bean>

    <!--config dataSource-->
    <bean id="dataSourceTest" class="org.apache.commons.dbcp.BasicDataSource"  destroy-method="close">
        <property name="driverClassName">
            <value>org.h2.Driver</value>
        </property>
        <property name="url">
            <value>jdbc:h2:mem:test;DB_CLOSE_DELAY=-1</value>
        </property>
        <property name="username">
            <value>sa</value>
        </property>
        <property name="password">
            <value></value>
        </property>
    </bean>
    <!--&lt;!&ndash;db holder&ndash;&gt;-->
    <!--<bean id="placeHolderConfig" class="org.springframework.beans.factory.config.PropertyPlaceholderConfigurer">-->
        <!--<property name="location" value="classpath:dbTest.properties"/>-->
    <!--</bean>-->
    <context:component-scan base-package="com.qsoft.tdd"/>



</beans>